{
  message: '🛢   Database is connected successfully',
  level: 'info',
  label: 'UM',
  timestamp: '2023-06-14T03:42:53.119Z'
}
{
  message: 'Application  listening on port 5000',
  level: 'info',
  label: 'UM',
  timestamp: '2023-06-14T03:42:53.135Z'
}
{
  message: '🛢   Database is connected successfully',
  level: 'info',
  label: 'UM',
  timestamp: '2023-06-14T03:43:06.178Z'
}
{
  message: 'Application  listening on port 5000',
  level: 'info',
  label: 'UM',
  timestamp: '2023-06-14T03:43:06.191Z'
}
{
  message: '🛢   Database is connected successfully',
  level: 'info',
  label: 'UM',
  timestamp: '2023-06-14T03:44:21.260Z'
}
{
  message: 'Application  listening on port 5000',
  level: 'info',
  label: 'UM',
  timestamp: '2023-06-14T03:44:21.267Z'
}
{
  message: '🛢   Database is connected successfully',
  level: 'info',
  label: 'UM',
  timestamp: '2023-06-14T03:48:02.786Z'
}
{
  message: 'Application  listening on port 5000',
  level: 'info',
  label: 'UM',
  timestamp: '2023-06-14T03:48:02.793Z'
}
{
  message: '🛢   Database is connected successfully',
  level: 'info',
  label: 'UM',
  timestamp: '2023-06-14T03:48:07.165Z'
}
{
  message: 'Application  listening on port 5000',
  level: 'info',
  label: 'UM',
  timestamp: '2023-06-14T03:48:07.172Z'
}
{
  message: '🛢   Database is connected successfully',
  level: 'info',
  label: 'UM',
  timestamp: '2023-06-14T03:48:19.446Z'
}
{
  message: 'Application  listening on port 5000',
  level: 'info',
  label: 'UM',
  timestamp: '2023-06-14T03:48:19.456Z'
}
{
  message: '🛢   Database is connected successfully',
  level: 'info',
  label: 'UM',
  timestamp: '2023-06-14T03:48:39.999Z'
}
{
  message: 'Application  listening on port 5000',
  level: 'info',
  label: 'UM',
  timestamp: '2023-06-14T03:48:40.009Z'
}
{
  message: '🛢   Database is connected successfully',
  level: 'info',
  label: 'UM',
  timestamp: '2023-06-14T03:52:36.889Z'
}
{
  message: 'Application  listening on port 5000',
  level: 'info',
  label: 'UM',
  timestamp: '2023-06-14T03:52:36.896Z'
}
{
  message: '🛢   Database is connected successfully',
  level: 'info',
  label: 'UM',
  timestamp: '2023-06-14T03:55:34.614Z'
}
{
  message: 'Application  listening on port 5000',
  level: 'info',
  label: 'UM',
  timestamp: '2023-06-14T03:55:34.622Z'
}
{
  message: '🛢   Database is connected successfully',
  level: 'info',
  label: 'UM',
  timestamp: '2023-06-14T03:57:52.235Z'
}
{
  message: 'Application  listening on port 5000',
  level: 'info',
  label: 'UM',
  timestamp: '2023-06-14T03:57:52.242Z'
}
